2022-08-29 15:02:03 - [INFO] - {{EXTRACTING FILES}} Extracting compressed files in: /Users/micahtseng/Personal/eda/sscs-22-project-wrapper
2022-08-29 15:02:05 - [INFO] - {{Project Type Info}} analog
2022-08-29 15:02:05 - [INFO] - {{Project GDS Info}} user_analog_project_wrapper: 4c88d9022c7ff940a5153b0a4678b3d9c6132e8f
2022-08-29 15:02:08 - [INFO] - {{Tools Info}} KLayout: v0.27.10 | Magic: v8.3.315
2022-08-29 15:02:08 - [ERROR] - MPW Precheck failed to get Open PDKs & Skywater PDK versions: Command '['git', '-C', '/Users/micahtseng/.volare/open_pdks', 'rev-parse', '--verify', 'HEAD']' returned non-zero exit status 128.
2022-08-29 15:02:08 - [INFO] - {{START}} Precheck Started, the full log 'precheck.log' will be located in '/Users/micahtseng/Personal/eda/sscs-22-project-wrapper/precheck_results/29_AUG_2022___15_02_03/logs'
2022-08-29 15:02:08 - [INFO] - {{PRECHECK SEQUENCE}} Precheck will run the following checks: [License, Makefile, Default, Documentation, Consistency, XOR, Magic DRC, Klayout FEOL, Klayout BEOL, Klayout Offgrid, Klayout Metal Minimum Clear Area Density, Klayout Pin Label Purposes Overlapping Drawing, Klayout ZeroArea]
2022-08-29 15:02:08 - [INFO] - {{STEP UPDATE}} Executing Check 1 of 13: License
2022-08-29 15:02:16 - [INFO] - An approved LICENSE (Apache-2.0) was found in /Users/micahtseng/Personal/eda/sscs-22-project-wrapper.
2022-08-29 15:02:16 - [INFO] - {{MAIN LICENSE CHECK PASSED}} An approved LICENSE was found in project root.
2022-08-29 15:02:23 - [INFO] - An approved LICENSE (Apache-2.0) was found in /Users/micahtseng/Personal/eda/sscs-22-project-wrapper.
2022-08-29 15:02:30 - [INFO] - An approved LICENSE (Apache-2.0) was found in /Users/micahtseng/Personal/eda/sscs-22-project-wrapper.
2022-08-29 15:02:30 - [INFO] - {{SUBMODULES LICENSE CHECK PASSED}} No prohibited LICENSE file(s) was found in project submodules
2022-08-29 15:02:30 - [ERROR] - SPDX COMPLIANCE FILE UNICODE DECODE EXCEPTION in (/Users/micahtseng/Personal/eda/sscs-22-project-wrapper/.DS_Store): 'utf-8' codec can't decode byte 0x8c in position 334: invalid start byte
2022-08-29 15:02:31 - [ERROR] - SPDX COMPLIANCE FILE UNICODE DECODE EXCEPTION in (/Users/micahtseng/Personal/eda/sscs-22-project-wrapper/mag/.DS_Store): 'utf-8' codec can't decode byte 0x80 in position 3131: invalid start byte
2022-08-29 15:02:31 - [ERROR] - SPDX COMPLIANCE FILE UNICODE DECODE EXCEPTION in (/Users/micahtseng/Personal/eda/sscs-22-project-wrapper/mag/sky130-10-bit-SAR-ADC/mag/.DS_Store): 'utf-8' codec can't decode byte 0x80 in position 3131: invalid start byte
2022-08-29 15:02:32 - [ERROR] - SPDX COMPLIANCE FILE UNICODE DECODE EXCEPTION in (/Users/micahtseng/Personal/eda/sscs-22-project-wrapper/xschem/sky130-10-bit-SAR-ADC/xschem/.DS_Store): 'utf-8' codec can't decode byte 0x86 in position 23: invalid start byte
2022-08-29 15:02:32 - [WARNING] - {{SPDX COMPLIANCE CHECK FAILED}} Found 247 non-compliant file(s) with the SPDX Standard.
2022-08-29 15:02:32 - [INFO] - SPDX COMPLIANCE: NON-COMPLIANT FILE(S) PREVIEW: ['/Users/micahtseng/Personal/eda/sscs-22-project-wrapper/Loc-Makefile', '/Users/micahtseng/Personal/eda/sscs-22-project-wrapper/Makefile', '/Users/micahtseng/Personal/eda/sscs-22-project-wrapper/init_repo.sh', '/Users/micahtseng/Personal/eda/sscs-22-project-wrapper/docs/Makefile', '/Users/micahtseng/Personal/eda/sscs-22-project-wrapper/docs/environment.yml', '/Users/micahtseng/Personal/eda/sscs-22-project-wrapper/docs/source/conf.py', '/Users/micahtseng/Personal/eda/sscs-22-project-wrapper/docs/source/index.rst', '/Users/micahtseng/Personal/eda/sscs-22-project-wrapper/klayout/sky130A.lydrc', '/Users/micahtseng/Personal/eda/sscs-22-project-wrapper/klayout/sky130A.lyp', '/Users/micahtseng/Personal/eda/sscs-22-project-wrapper/klayout/sky130A.lyt', '/Users/micahtseng/Personal/eda/sscs-22-project-wrapper/mag/.magicrc', '/Users/micahtseng/Personal/eda/sscs-22-project-wrapper/mag/extract.sh', '/Users/micahtseng/Personal/eda/sscs-22-project-wrapper/mag/extract_gds.sh', '/Users/micahtseng/Personal/eda/sscs-22-project-wrapper/mag/extract_lvs.sh', '/Users/micahtseng/Personal/eda/sscs-22-project-wrapper/mag/sar-adc.ext']
2022-08-29 15:02:32 - [INFO] - For the full SPDX compliance report check: /Users/micahtseng/Personal/eda/sscs-22-project-wrapper/precheck_results/29_AUG_2022___15_02_03/logs/spdx_compliance_report.log
2022-08-29 15:02:32 - [INFO] - {{STEP UPDATE}} Executing Check 2 of 13: Makefile
2022-08-29 15:02:32 - [INFO] - {{MAKEFILE CHECK PASSED}} Makefile valid.
2022-08-29 15:02:32 - [INFO] - {{STEP UPDATE}} Executing Check 3 of 13: Default
2022-08-29 15:02:32 - [INFO] - {{README DEFAULT CHECK PASSED}} Project 'README.md' was modified and is not identical to the default 'README.md'
2022-08-29 15:02:32 - [INFO] - {{CONTENT DEFAULT CHECK PASSED}} Project 'gds' was modified and is not identical to the default 'gds'
2022-08-29 15:02:32 - [INFO] - {{STEP UPDATE}} Executing Check 4 of 13: Documentation
2022-08-29 15:02:33 - [INFO] - {{DOCUMENTATION CHECK PASSED}} Project documentation is appropriate.
2022-08-29 15:02:33 - [INFO] - {{STEP UPDATE}} Executing Check 5 of 13: Consistency
2022-08-29 15:02:45 - [INFO] - HIERARCHY CHECK PASSED: Module user_analog_project_wrapper is instantiated in caravan. 
2022-08-29 15:02:45 - [INFO] - COMPLEXITY CHECK PASSED: Netlist caravan contains at least 8 instances (68 instances). 
2022-08-29 15:02:45 - [INFO] - MODELING CHECK PASSED: Netlist caravan is structural.
2022-08-29 15:02:45 - [WARNING] - SUBMODULE HOOKS CHECK FAILED: The user power port vccd1 is not connected to the correct power domain in the top level netlist. It is connected to mprj/vccd1 but it should be connected to vccd1_core.
2022-08-29 15:02:45 - [WARNING] - {{NETLIST CONSISTENCY CHECK FAILED}} caravan netlist failed 1 consistency check(s): ['SUBMODULE HOOKS'].
2022-08-29 15:02:45 - [INFO] - PORTS CHECK PASSED: Netlist user_analog_project_wrapper ports match the golden wrapper ports
2022-08-29 15:02:45 - [INFO] - COMPLEXITY CHECK PASSED: Netlist user_analog_project_wrapper contains at least 1 instances (4 instances). 
2022-08-29 15:02:45 - [INFO] - MODELING CHECK PASSED: Netlist user_analog_project_wrapper is structural.
2022-08-29 15:02:45 - [INFO] - LAYOUT CHECK PASSED: The GDS layout for user_analog_project_wrapper matches the provided structural netlist.
2022-08-29 15:02:45 - [INFO] - {{NETLIST CONSISTENCY CHECK PASSED}} user_analog_project_wrapper netlist passed all consistency checks.
2022-08-29 15:02:45 - [WARNING] - {{CONSISTENCY CHECK FAILED}} The user netlist and the top netlist are not valid.
2022-08-29 15:02:45 - [INFO] - {{STEP UPDATE}} Executing Check 6 of 13: XOR
2022-08-29 15:03:09 - [INFO] - {{XOR CHECK UPDATE}} Total XOR differences: 0, for more details view /Users/micahtseng/Personal/eda/sscs-22-project-wrapper/precheck_results/29_AUG_2022___15_02_03/outputs/user_analog_project_wrapper.xor.gds
2022-08-29 15:03:09 - [INFO] - {{XOR CHECK PASSED}} The GDS file has no XOR violations.
2022-08-29 15:03:09 - [INFO] - {{STEP UPDATE}} Executing Check 7 of 13: Magic DRC
2022-08-29 15:03:10 - [INFO] - 0 DRC violations
2022-08-29 15:03:10 - [INFO] - {{MAGIC DRC CHECK PASSED}} The GDS file, user_analog_project_wrapper.gds, has no DRC violations.
2022-08-29 15:03:10 - [INFO] - {{STEP UPDATE}} Executing Check 8 of 13: Klayout FEOL
2022-08-29 15:03:27 - [INFO] - No DRC Violations found
2022-08-29 15:03:27 - [INFO] - {{Klayout FEOL CHECK PASSED}} The GDS file, user_analog_project_wrapper.gds, has no DRC violations.
2022-08-29 15:03:27 - [INFO] - {{STEP UPDATE}} Executing Check 9 of 13: Klayout BEOL
2022-08-29 15:03:52 - [INFO] - No DRC Violations found
2022-08-29 15:03:52 - [INFO] - {{Klayout BEOL CHECK PASSED}} The GDS file, user_analog_project_wrapper.gds, has no DRC violations.
2022-08-29 15:03:52 - [INFO] - {{STEP UPDATE}} Executing Check 10 of 13: Klayout Offgrid
2022-08-29 15:04:10 - [INFO] - No DRC Violations found
2022-08-29 15:04:10 - [INFO] - {{Klayout Offgrid CHECK PASSED}} The GDS file, user_analog_project_wrapper.gds, has no DRC violations.
2022-08-29 15:04:10 - [INFO] - {{STEP UPDATE}} Executing Check 11 of 13: Klayout Metal Minimum Clear Area Density
2022-08-29 15:04:21 - [INFO] - No DRC Violations found
2022-08-29 15:04:21 - [INFO] - {{Klayout Metal Minimum Clear Area Density CHECK PASSED}} The GDS file, user_analog_project_wrapper.gds, has no DRC violations.
2022-08-29 15:04:21 - [INFO] - {{STEP UPDATE}} Executing Check 12 of 13: Klayout Pin Label Purposes Overlapping Drawing
2022-08-29 15:04:33 - [INFO] - No DRC Violations found
2022-08-29 15:04:33 - [INFO] - {{Klayout Pin Label Purposes Overlapping Drawing CHECK PASSED}} The GDS file, user_analog_project_wrapper.gds, has no DRC violations.
2022-08-29 15:04:33 - [INFO] - {{STEP UPDATE}} Executing Check 13 of 13: Klayout ZeroArea
2022-08-29 15:04:43 - [INFO] - No DRC Violations found
2022-08-29 15:04:43 - [INFO] - {{Klayout ZeroArea CHECK PASSED}} The GDS file, user_analog_project_wrapper.gds, has no DRC violations.
2022-08-29 15:04:43 - [INFO] - {{FINISH}} Executing Finished, the full log 'precheck.log' can be found in '/Users/micahtseng/Personal/eda/sscs-22-project-wrapper/precheck_results/29_AUG_2022___15_02_03/logs'
2022-08-29 15:04:43 - [CRITICAL] - {{FAILURE}} 1 Check(s) Failed: ['Consistency'] !!!
